Godot Engine v4.6.2.stable.official.71f334935 - https://godotengine.org
TextServer: Added interface "Dummy"
TextServer: Added interface "ICU / HarfBuzz / Graphite (Built-in)"
Unrecognized output string "misc2" in mapping:
030000007e0500006920000001010000,Nintendo Switch 2 Pro Controller,a:b0,b:b1,back:b14,dpdown:b8,dpleft:b10,dpright:b9,dpup:b11,guide:b16,leftshoulder:b12,leftstick:b15,lefttrigger:b13,leftx:a0,lefty:a1~,misc1:b17,misc2:b20,paddle1:b18,paddle2:b19,rightshoulder:b4,rightstick:b7,righttrigger:b5,rightx:a2,righty:a3~,start:b6,x:b2,y:b3,platform:Mac OS X,
SDL: Init OK!
Using "default" pen tablet driver...

TextServer: Primary interface set to: "ICU / HarfBuzz / Graphite (Built-in)".
CORE API HASH: 4039755037
EDITOR API HASH: 223528947
SceneTreeFTI: traversal method DEFAULT
Loading resource: res://data/game/registry.gd
Loading resource: res://main/save_manager.gd
Loading resource: res://main/Main.tscn
Loading resource: res://main/main.gd
Loading resource: res://main/terrain_system.gd
Loading resource: res://main/building_system.gd
Loading resource: res://main/camera_controller.gd
Loading resource: res://main/unit_manager.gd
Loading resource: res://main/logistics_system.gd
Loading resource: res://main/hud.gd
Loading resource: res://textures/UI/TechTreeIcon.png
Loading resource: res://.godot/imported/TechTreeIcon.png-9eb0fe4d4ad62896132a0fd1abc9f58c.ctex
Loading resource: res://textures/UI/CoreDatabaseIcon.png
Loading resource: res://.godot/imported/CoreDatabaseIcon.png-45312c105823fa726ff53f1c9d86210b.ctex
Loading resource: res://textures/UI/TarkonIcon.png
Loading resource: res://.godot/imported/TarkonIcon.png-a12e2152fdda999064f35346eeacfa51.ctex
Loading resource: res://main/player_drone.gd
Loading resource: res://textures/units/shardling/Shardling.png
Loading resource: res://.godot/imported/Shardling.png-d8b1f227d4fff5ece23651a08c895fdd.ctex
Loading resource: res://textures/units/shardling/ShardlingHealingHead.png
Loading resource: res://.godot/imported/ShardlingHealingHead.png-8689973b7d0dce21dbecc62a6012680b.ctex
Loading resource: res://textures/units/shardling/ShardlingTurretHead.png
Loading resource: res://.godot/imported/ShardlingTurretHead.png-5d0a57a9497dfa9c7d41f41d8a676da3.ctex
Loading resource: res://main/combat_system.gd
Loading resource: res://main/database_ui.gd
Loading resource: res://textures/UI/LockIcon.png
Loading resource: res://.godot/imported/LockIcon.png-dab04dfc0883025069eef58ff3a4339e.ctex
Loading resource: res://textures/UI/PowerIcon.png
Loading resource: res://.godot/imported/PowerIcon.png-e668e81810299ca01d78d5b36215b95f.ctex
Loading resource: res://textures/UI/FluidIcon.png
Loading resource: res://.godot/imported/FluidIcon.png-4f6bf25e83a87d7753fbe412ed9014dd.ctex
Loading resource: res://main/tech_tree_ui.gd
Loading resource: res://textures/TexNotFound.png
Loading resource: res://.godot/imported/TexNotFound.png-4480879b36f86a9f5750720da283f7d9.ctex
Loading resource: res://main/explosion_system.gd
Loading resource: res://main/logistic_control_system.gd
Loading resource: res://main/power_system.gd
Loading resource: res://main/schematic_system.gd
Loading resource: res://main/wall_darkness.gd
Loading resource: res://main/global_cursor.gd
ERROR: Condition "ret != noErr" is true. Returning: ""
   at: get_system_ca_certificates (platform/macos/os_macos.mm:1028)
Loaded builtin CA certificates
Loading resource: res://main/MainMenu.tscn
Loading resource: res://main/main_menu.gd
Loading resource: res://data/game/tarkon/items/mat_aluminum.tres
Loading resource: res://data/game/tarkon/items/mat_asphalt.tres
Loading resource: res://textures/resources/aluminum.png
Loading resource: res://.godot/imported/aluminum.png-082805c1e5354ba59defad93056ed2e7.ctex
Loading resource: res://data/game/tarkon/items/mat_bauxite.tres
Loading resource: res://textures/resources/bauxite.png
Loading resource: res://.godot/imported/bauxite.png-c3e39b5b2f54a0f58831c03fb5756771.ctex
Loading resource: res://data/game/tarkon/items/mat_blast_compound.tres
Loading resource: res://textures/resources/blastCompound.png
Loading resource: res://.godot/imported/blastCompound.png-8bd1a1ba609a450e977c7ed0eaaebdae.ctex
Loading resource: res://data/game/tarkon/items/mat_brass.tres
Loading resource: res://textures/resources/brass.png
Loading resource: res://.godot/imported/brass.png-398e32ca83b6ec3c31f509156b4f8f7e.ctex
Loading resource: res://data/game/tarkon/items/mat_coal.tres
Loading resource: res://textures/resources/coal.png
Loading resource: res://.godot/imported/coal.png-844d31c1b3a959a1140a42d55330afda.ctex
Loading resource: res://data/game/tarkon/items/mat_copper.tres
Loading resource: res://textures/resources/copper.png
Loading resource: res://.godot/imported/copper.png-47899271a16066adc15729ee3abda551.ctex
Loading resource: res://data/game/tarkon/items/mat_explosives_stabilizer.tres
Loading resource: res://data/game/tarkon/items/mat_graphite.tres
Loading resource: res://textures/resources/graphite.png
Loading resource: res://data/game/tarkon/items/mat_graphite_rod.tres
Loading resource: res://.godot/imported/graphite.png-0b49e9fde566099f424219bf453cb0c7.ctex
Loading resource: res://textures/resources/graphiteRod.png
Loading resource: res://.godot/imported/graphiteRod.png-45dea1b20ce8b587bb246b5eb7d7beb0.ctex
Loading resource: res://data/game/tarkon/items/mat_iron.tres
Loading resource: res://textures/resources/iron.png
Loading resource: res://data/game/tarkon/items/mat_oxidized_fuel.tres
Loading resource: res://.godot/imported/iron.png-5dcf6becaf1fb1f6e5b7044023da6141.ctex
Loading resource: res://data/game/tarkon/items/mat_refined_uranium.tres
Loading resource: res://textures/resources/refinedUranium.png
Loading resource: res://.godot/imported/refinedUranium.png-47d65f7528bd36c71cb4918adf271acd.ctex
Loading resource: res://data/game/tarkon/items/mat_salt.tres
Loading resource: res://textures/resources/salt.png
Loading resource: res://.godot/imported/salt.png-d5856d367a3a116877917e99b6e05f0c.ctex
Loading resource: res://data/game/tarkon/items/mat_sand.tres
Loading resource: res://textures/resources/sand.png
Loading resource: res://.godot/imported/sand.png-386d7dc283b82790e037ed1c2016d81d.ctex
Loading resource: res://data/game/tarkon/items/mat_shield_cell.tres
Loading resource: res://data/game/tarkon/items/mat_silicon.tres
Loading resource: res://textures/resources/silicon.png
Loading resource: res://.godot/imported/silicon.png-83ada10430f00772865b9651ec1369b6.ctex
Loading resource: res://data/game/tarkon/items/mat_silver.tres
Loading resource: res://data/game/tarkon/items/mat_simple_fuel.tres
Loading resource: res://data/game/tarkon/items/mat_steel.tres
Loading resource: res://textures/resources/steel.png
Loading resource: res://.godot/imported/steel.png-1f94d9b07e358e369eedee0795b67e81.ctex
Loading resource: res://data/game/tarkon/items/mat_sulfur.tres
Loading resource: res://textures/resources/sulfur.png
Loading resource: res://.godot/imported/sulfur.png-8ee9a790c501747831901f8cf4bedcc6.ctex
Loading resource: res://data/game/tarkon/items/mat_uranium.tres
Loading resource: res://textures/resources/uranium.png
Loading resource: res://.godot/imported/uranium.png-d73310830345f07c50193d5d586a29cc.ctex
Loading resource: res://data/game/tarkon/items/mat_uranium_rod.tres
Loading resource: res://textures/resources/uraniumRod.png
Loading resource: res://.godot/imported/uraniumRod.png-6b15e999fc0d7f803284a75eb3abd565.ctex
Loading resource: res://data/game/tarkon/items/mat_zinc.tres
Loading resource: res://textures/resources/zinc.png
Loading resource: res://.godot/imported/zinc.png-dc4f0bde3922232a5fb4b14b36fa68c6.ctex
Loading resource: res://data/game/tarkon/blocks/advanced_assembler.tres
Loading resource: res://data/game/tarkon/blocks/advanced_plasma_bore.tres
Loading resource: res://data/game/tarkon/blocks/aegis_arc.tres
Loading resource: res://textures/blocks/resource extractors/AdvancedPLasmaBore.png
Loading resource: res://.godot/imported/AdvancedPLasmaBore.png-3dc559c4c8a6c0027689ca2d62327ff9.ctex
Loading resource: res://data/game/tarkon/blocks/afterburner.tres
Loading resource: res://data/game/tarkon/blocks/air_filter.tres
Loading resource: res://textures/blocks/factories/AirFilter.png
Loading resource: res://.godot/imported/AirFilter.png-9fd5e79cbe307145f63b7a23a150c417.ctex
Loading resource: res://data/game/tarkon/blocks/aluminum_foundry.tres
global_cursor ready
Loading resource: res://textures/mouse heads/DefualtMouse.png
Loading resource: res://data/game/tarkon/blocks/aluminum_wall.tres
Loading resource: res://.godot/imported/DefualtMouse.png-3f0b29776091d5763bc8531ddc6daa5a.ctex
Loading resource: res://data/game/tarkon/blocks/annihilate.tres
Loading resource: res://data/game/tarkon/blocks/arc.tres
Loading resource: res://textures/blocks/turrets/DoubleBarrel/DoubeBarrelBase.png
Loading resource: res://.godot/imported/DoubeBarrelBase.png-89955159aa75a67d0d47b8ae094a0251.ctex
Loading resource: res://textures/blocks/turrets/SingleBarrel/SingleBarrelHead.png
Loading resource: res://.godot/imported/SingleBarrelHead.png-d74594b815bdb53ac2e6a85709ddd979.ctex
Loading resource: res://textures/blocks/turrets/SingleBarrel/SingleBarrelComplete.png
Loading resource: res://.godot/imported/SingleBarrelComplete.png-2e732a3664c74708e043f6256052d253.ctex
Loading resource: res://data/game/tarkon/blocks/archive.tres
Loading resource: res://textures/blocks/cores/Archive.png
Loading resource: res://.godot/imported/Archive.png-9888f81e7e2a206438bc10efa700a3f0.ctex
Loading resource: res://data/game/tarkon/blocks/archive_decoder.tres
Loading resource: res://textures/blocks/cores/ArchiveDecoder.png
Loading resource: res://.godot/imported/ArchiveDecoder.png-19e8a1c3ec7afa88b6adc6f790f29e53.ctex
Loading resource: res://data/game/tarkon/blocks/archive_scanner.tres
Loading resource: res://textures/blocks/cores/ArchiveScanner.png
Loading resource: res://.godot/imported/ArchiveScanner.png-31d0705087003a124b29b330cef45d7d.ctex
Loading resource: res://data/game/tarkon/blocks/armor_plate.tres
Loading resource: res://data/game/tarkon/blocks/barrier_projector.tres
Loading resource: res://textures/blocks/assist/BarrierProjector.png
Loading resource: res://.godot/imported/BarrierProjector.png-318a367a22fbe1628e9076a4ac668408.ctex
Loading resource: res://data/game/tarkon/blocks/bauxite_crusher.tres
Loading resource: res://data/game/tarkon/blocks/bauxite_grinder.tres
Loading resource: res://data/game/tarkon/blocks/belt_bridge.tres
Loading resource: res://textures/blocks/item transportation/BeltBridge.png
Loading resource: res://.godot/imported/BeltBridge.png-fd5c8106b74df7eb7d337be34c987324.ctex
Loading resource: res://data/game/tarkon/blocks/belt_junction.tres
Loading resource: res://textures/blocks/item transportation/BeltJunction.png
Loading resource: res://.godot/imported/BeltJunction.png-7d67333e2b10ca50547a433377c242d0.ctex
Loading resource: res://data/game/tarkon/blocks/belt_router.tres
Loading resource: res://textures/blocks/item transportation/BeltRouter.png
Loading resource: res://.godot/imported/BeltRouter.png-f0206811df5653c8d5e47106932ea748.ctex
Loading resource: res://data/game/tarkon/blocks/belt_sorter.tres
Loading resource: res://textures/blocks/item transportation/BeltSorter.png
Loading resource: res://.godot/imported/BeltSorter.png-9c80449738c99aef0b790e6e15e7b566.ctex
Loading resource: res://data/game/tarkon/blocks/blaster.tres
Loading resource: res://textures/blocks/turrets/SingleBarrel/SingleBarrelBase.png
Loading resource: res://.godot/imported/SingleBarrelBase.png-31f69bd3b3c3b3ed8aadbaa9720bf7e7.ctex
Loading resource: res://data/game/tarkon/blocks/brass_mixer.tres
Loading resource: res://textures/blocks/factories/Brass Mixer/BrassMixerComplete.png
Loading resource: res://.godot/imported/BrassMixerComplete.png-1daaeba9ac944c80c4ea4c367b41fa49.ctex
Loading resource: res://data/game/tarkon/blocks/brass_wall.tres
Loading resource: res://data/game/tarkon/blocks/bridge_projector.tres
Loading resource: res://data/game/tarkon/blocks/build_tower.tres
Loading resource: res://data/game/tarkon/blocks/cable_node.tres
Loading resource: res://textures/blocks/power/CableNode.png
Loading resource: res://.godot/imported/CableNode.png-cebeccca41a0b0eb2dee921d841a8de9.ctex
Loading resource: res://data/game/tarkon/blocks/cable_tower.tres
Loading resource: res://textures/blocks/power/CableTower.png
Loading resource: res://.godot/imported/CableTower.png-cdcbae2e5cfcbb0071069296affa1cd6.ctex
Loading resource: res://data/game/tarkon/blocks/cloaking_mesh.tres
Loading resource: res://data/game/tarkon/blocks/coal_converter.tres
Loading resource: res://data/game/tarkon/blocks/combustion_generator.tres
Loading resource: res://textures/blocks/power/CombustionGenerator.png
Loading resource: res://.godot/imported/CombustionGenerator.png-3e91044f9532377684b7d3693f061e19.ctex
Loading resource: res://data/game/tarkon/blocks/combustion_reactor.tres
Loading resource: res://data/game/tarkon/blocks/command_beacon.tres
Loading resource: res://data/game/tarkon/blocks/compound_mixer.tres
Loading resource: res://textures/blocks/factories/Compound Mixer/CompoundMixerComplete.png
Loading resource: res://.godot/imported/CompoundMixerComplete.png-6efe7bad1679109374d593aef0a4980b.ctex
Loading resource: res://data/game/tarkon/blocks/constructor.tres
Loading resource: res://textures/blocks/units/Consructor/ConstructorBase.png
Loading resource: res://.godot/imported/ConstructorBase.png-319f98349afc349b069dd992795816f9.ctex
Loading resource: res://textures/blocks/units/Consructor/ConstructorComplete.png
Loading resource: res://.godot/imported/ConstructorComplete.png-847a3999e0e6dd19daaa95603d392204.ctex
Loading resource: res://textures/blocks/units/FabricatorTop.png
Loading resource: res://.godot/imported/FabricatorTop.png-8f0b9e27938513069a1d6d0570a3dc8b.ctex
Loading resource: res://data/game/tarkon/blocks/conveyor_belt.tres
Loading resource: res://textures/blocks/item transportation/Belt/Belt.png
Loading resource: res://.godot/imported/Belt.png-e3fdad742d27f50f82d3d64ae43de0cb.ctex
Loading resource: res://data/game/tarkon/blocks/cooling_system.tres
Loading resource: res://data/game/tarkon/blocks/copper_platform.tres
Loading resource: res://textures/blocks/walls/CopperPlatform.png
Loading resource: res://.godot/imported/CopperPlatform.png-49deedfcfec14eafce3fe0772d82af0e.ctex
Loading resource: res://data/game/tarkon/blocks/copper_wall.tres
Loading resource: res://textures/blocks/walls/CopperWall.png
Loading resource: res://.godot/imported/CopperWall.png-c8d9af4653d879656213c37d5ceb0d15.ctex
Loading resource: res://data/game/tarkon/blocks/core_aegis.tres
Loading resource: res://data/game/tarkon/blocks/core_bastion.tres
Loading resource: res://data/game/tarkon/blocks/core_fortress.tres
Loading resource: res://data/game/tarkon/blocks/core_pantheon.tres
Loading resource: res://data/game/tarkon/blocks/core_shard.tres
Loading resource: res://textures/blocks/cores/CoreShard/CoreShardBase.png
Loading resource: res://.godot/imported/CoreShardBase.png-3a982953792b001caa3e665da76c48c2.ctex
Loading resource: res://textures/blocks/cores/CoreShard/CoreShardFerox.png
Loading resource: res://.godot/imported/CoreShardFerox.png-adea83c82fa4a0df357bd9db127ef5e1.ctex
Loading resource: res://textures/blocks/cores/CoreShard/CoreShardComplete.png
Loading resource: res://.godot/imported/CoreShardComplete.png-b74161a984a0e9e7c96ee1ced53b957e.ctex
Loading resource: res://data/game/tarkon/blocks/corrosion.tres
Loading resource: res://data/game/tarkon/blocks/crawler_fabricator.tres
Loading resource: res://textures/blocks/units/CrawlerFabricator/CrawlerFabricatorBase.png
TechTree loaded: 359 nodes
Loading resource: res://.godot/imported/CrawlerFabricatorBase.png-0ce4c75e5fe05c21df23a12f90ab793e.ctex
Loading resource: res://textures/blocks/cores/CoreShard/CoreShardLumina.png
Loading resource: res://.godot/imported/CoreShardLumina.png-36906af72d27f519202e454a8cee0b9f.ctex
Loading resource: res://textures/blocks/units/CrawlerFabricator/CrawlerFabricatorComplete.png
Loading resource: res://.godot/imported/CrawlerFabricatorComplete.png-b39fd1c10b207ff31eacfa174a918dc6.ctex
Loading resource: res://data/game/tarkon/blocks/data_cable.tres
SaveManager: Campaign loaded (15 sectors with resources)
Loading resource: res://data/game/tarkon/blocks/deconstructor.tres
Loading resource: res://textures/blocks/units/Deconstructor/DeconstructorBase.png
Loading resource: res://.godot/imported/DeconstructorBase.png-33232c16109a256a1ea0ad933cd0d739.ctex
Loading resource: res://data/game/tarkon/blocks/destroy_turret.tres
Loading resource: res://data/game/tarkon/blocks/detonater.tres
Loading resource: res://textures/blocks/units/Deconstructor/DeconstructorComplete.png
Loading resource: res://.godot/imported/DeconstructorComplete.png-9d8fa4762afc80af78dbcb6b692a6d98.ctex
Loading resource: res://data/game/tarkon/blocks/diffuse.tres
Loading resource: res://data/game/tarkon/blocks/double_barrel.tres
Loading resource: res://textures/blocks/turrets/Diffuse/DiffuseBase.png
Loading resource: res://textures/blocks/turrets/DoubleBarrel/DoubleBarrelComplete.png
Loading resource: res://.godot/imported/DiffuseBase.png-9bf480ddaa251a3dff37874c91f911e9.ctex
Loading resource: res://.godot/imported/DoubleBarrelComplete.png-db5661704feea6ea628045f679ffabd5.ctex
Loading resource: res://textures/blocks/turrets/DoubleBarrel/DoubleBarrelHead.png
Loading resource: res://.godot/imported/DoubleBarrelHead.png-0e68ed5585b57a4b11bdd5ff566bd7d3.ctex
Loading resource: res://textures/blocks/turrets/DoubleBarrel/DoubleBarrelSupport.png
Loading resource: res://.godot/imported/DoubleBarrelSupport.png-f5dd31156bfde5a56a793f077bfbdd4e.ctex
Loading resource: res://data/game/tarkon/blocks/drone_bay.tres
Loading resource: res://data/game/tarkon/blocks/duct.tres
Loading resource: res://textures/blocks/item transportation/Duct/Duct.png
Loading resource: res://.godot/imported/Duct.png-3ffd13b29fcab03cfa68bc7493a53e70.ctex
Loading resource: res://data/game/tarkon/blocks/duct_bridge.tres
Loading resource: res://data/game/tarkon/blocks/duct_junction.tres
Loading resource: res://textures/blocks/item transportation/DuctJunction.png
Loading resource: res://.godot/imported/DuctJunction.png-a740e6a792322f3584c62c2ccf2fc543.ctex
Loading resource: res://textures/blocks/turrets/Diffuse/DiffuseComplete.png
Loading resource: res://.godot/imported/DiffuseComplete.png-0865358801ee9df4cdd3f69d5565d0bb.ctex
Loading resource: res://data/game/tarkon/blocks/duct_router.tres
Loading resource: res://textures/blocks/item transportation/DuctRouter.png
Loading resource: res://.godot/imported/DuctRouter.png-e31fe95ab42d863b9b36cb261cf0d53d.ctex
Loading resource: res://textures/blocks/turrets/Diffuse/DiffuseHead.png
Loading resource: res://.godot/imported/DiffuseHead.png-f5c23bfdd66a8fd23d908e6cdd690062.ctex
Loading resource: res://data/game/tarkon/blocks/duct_sorter.tres
Loading resource: res://data/game/tarkon/blocks/earthquake_harvester.tres
Loading resource: res://textures/blocks/item transportation/DuctSorter.png
Loading resource: res://.godot/imported/DuctSorter.png-d8e0e9ea5eee5d71613ac1e17a31d76d.ctex
Loading resource: res://data/game/tarkon/blocks/eclipse.tres
Loading resource: res://data/game/tarkon/blocks/emp_emitter.tres
Loading resource: res://data/game/tarkon/blocks/erosion.tres
Loading resource: res://data/game/tarkon/blocks/eruption_harvester.tres
Loading resource: res://data/game/tarkon/blocks/flarecaster.tres
Loading resource: res://data/game/tarkon/blocks/fluid_pipe.tres
Loading resource: res://textures/blocks/fluid transportation/pipe/Pipe.png
Loading resource: res://.godot/imported/Pipe.png-4e527a6ebddf066364adc8f82e401325.ctex
Loading resource: res://data/game/tarkon/blocks/flying_fabricator.tres
Loading resource: res://data/game/tarkon/blocks/fluid_pump.tres
Loading resource: res://data/game/tarkon/blocks/freight_conveyor.tres
Loading resource: res://data/game/tarkon/blocks/force_field_projector.tres
Loading resource: res://textures/blocks/units/FlyingFabricator/FlyingFabricatorBase.png
Loading resource: res://textures/blocks/fluid transportation/FluidPumpBase.png
Loading resource: res://.godot/imported/FlyingFabricatorBase.png-6e8c3b3da39e62d05a1e6e349b732cc7.ctex
Loading resource: res://.godot/imported/FluidPumpBase.png-913cd748d677a4330a6e877200fd7415.ctex
Loading resource: res://data/game/tarkon/blocks/freight_loader.tres
Loading resource: res://data/game/tarkon/blocks/freight_mass_driver.tres
Loading resource: res://data/game/tarkon/blocks/freight_router.tres
Loading resource: res://data/game/tarkon/blocks/freight_unloader.tres
Loading resource: res://data/game/tarkon/blocks/fume.tres
Loading resource: res://data/game/tarkon/blocks/fuel_cell.tres
Loading resource: res://textures/blocks/fluid transportation/FluidPumpTop.png
Loading resource: res://.godot/imported/FluidPumpTop.png-f5eab1570eb930b91d2c1814315e41e6.ctex
Loading resource: res://data/game/tarkon/blocks/fume_extractor.tres
Loading resource: res://textures/blocks/units/FlyingFabricator/FlyingFabricatorComplete.png
Loading resource: res://data/game/tarkon/blocks/gantry_crane.tres
Loading resource: res://textures/blocks/resource extractors/PetroliumDrill.png
Loading resource: res://.godot/imported/FlyingFabricatorComplete.png-5c0ad0b7c24b09172045f74289a6189a.ctex
Loading resource: res://data/game/tarkon/blocks/gantry_rail.tres
Loading resource: res://.godot/imported/PetroliumDrill.png-2a42c3878d8fa0cd3a20659ec7d298aa.ctex
Loading resource: res://data/game/tarkon/blocks/giant_copper_platform.tres
Loading resource: res://data/game/tarkon/blocks/giant_silver_wall.tres
Loading resource: res://data/game/tarkon/blocks/giant_brass_wall.tres
Loading resource: res://data/game/tarkon/blocks/giant_aluminum_wall.tres
Loading resource: res://data/game/tarkon/blocks/giant_copper_wall.tres
Loading resource: res://data/game/tarkon/blocks/giant_steel_wall.tres
Loading resource: res://data/game/tarkon/blocks/graphite_electrolyzer.tres
Loading resource: res://data/game/tarkon/blocks/graphite_press.tres
Loading resource: res://data/game/tarkon/blocks/ground_harvester.tres
Loading resource: res://textures/blocks/factories/Graphite Electrolyzer/GraphiteElectrolyzer.png
Loading resource: res://data/game/tarkon/blocks/ground_scraper.tres
Loading resource: res://data/game/tarkon/blocks/healing_bay.tres
Loading resource: res://data/game/tarkon/blocks/healing_turret_head.tres
Loading resource: res://.godot/imported/GraphiteElectrolyzer.png-7cd3aaae3a571f480b3b2a46f6dd1a91.ctex
Loading resource: res://textures/blocks/resource extractors/Ground Scraper/GroundScraperComplete.png
Loading resource: res://data/game/tarkon/blocks/huge_aluminum_wall.tres
Loading resource: res://data/game/tarkon/blocks/huge_battery.tres
Loading resource: res://.godot/imported/GroundScraperComplete.png-c80d525aace880e960a6e6f141755856.ctex
Loading resource: res://data/game/tarkon/blocks/huge_brass_wall.tres
Loading resource: res://data/game/tarkon/blocks/huge_build_tower.tres
Loading resource: res://data/game/tarkon/blocks/huge_container.tres
Loading resource: res://data/game/tarkon/blocks/huge_copper_platform.tres
Loading resource: res://data/game/tarkon/blocks/huge_copper_wall.tres
Loading resource: res://textures/blocks/item transportation/HugeContainer.png
Loading resource: res://.godot/imported/HugeContainer.png-0d313375bdd4e4c38b39317f518f04e7.ctex
Loading resource: res://data/game/tarkon/blocks/huge_silver_wall.tres
Loading resource: res://data/game/tarkon/blocks/huge_steel_wall.tres
Loading resource: res://data/game/tarkon/blocks/hover_fabricator.tres
Loading resource: res://textures/blocks/resource extractors/Ground Scraper/GroundScraperBase.png
Loading resource: res://data/game/tarkon/blocks/interplanetary_core_launchpad.tres
Loading resource: res://data/game/tarkon/blocks/impact_drill.tres
Loading resource: res://data/game/tarkon/blocks/interplanetary_launchpad.tres
Loading resource: res://textures/blocks/units/HoverFabricator/HoverFabricatorComplete.png
Loading resource: res://textures/blocks/factories/Graphite Electrolyzer/GraphiteElectrolyzerBase.png
Loading resource: res://data/game/tarkon/blocks/incinerator.tres
Loading resource: res://.godot/imported/GroundScraperBase.png-5a2bc4afc732da7e1c1fb8247e88c97d.ctex
Loading resource: res://.godot/imported/HoverFabricatorComplete.png-b602b89de4f51228038bb8d14a6875d2.ctex
Loading resource: res://.godot/imported/GraphiteElectrolyzerBase.png-9ca23c63fff32dcf3cd684559a0282a2.ctex
Loading resource: res://textures/blocks/assist/InterplanetaryCoreLaunchpad.png
Loading resource: res://.godot/imported/InterplanetaryCoreLaunchpad.png-2ab1670954da4d5bfb24ace0a1490b17.ctex
Loading resource: res://data/game/tarkon/blocks/inverted_belt_sorter.tres
Loading resource: res://textures/blocks/item transportation/Incinerator-NP.png
Loading resource: res://textures/blocks/resource extractors/Impact Drill/ImpactDrillComplete.png
Loading resource: res://textures/blocks/item transportation/InvertedBeltSorter.png
Loading resource: res://.godot/imported/Incinerator-NP.png-21777b25c90352931a93d833673d1f9e.ctex
Loading resource: res://.godot/imported/InvertedBeltSorter.png-fd2bb0710881dc406a6a4ae48a71e800.ctex
Loading resource: res://.godot/imported/ImpactDrillComplete.png-e1f0eb0e6b2c7ded561888501e276ddd.ctex
Loading resource: res://textures/blocks/units/HoverFabricator/HoverFabricatorBase.png
Loading resource: res://.godot/imported/HoverFabricatorBase.png-b596f4861759abcee294b82053c925ba.ctex
Loading resource: res://data/game/tarkon/blocks/inverted_duct_sorter.tres
Loading resource: res://data/game/tarkon/blocks/iron_separator.tres
Loading resource: res://data/game/tarkon/blocks/kamikaze_package.tres
Loading resource: res://data/game/tarkon/blocks/lance.tres
Loading resource: res://data/game/tarkon/blocks/landing_pad.tres
Loading resource: res://textures/blocks/item transportation/InvertedDuctSorter.png
Loading resource: res://.godot/imported/InvertedDuctSorter.png-6d678615daec7e530540f5bced62bbe7.ctex
Loading resource: res://textures/blocks/resource extractors/Impact Drill/ImpactDrillBase.png
Loading resource: res://.godot/imported/ImpactDrillBase.png-b3a232322e1ee957a870187ead1637e5.ctex
Loading resource: res://data/game/tarkon/blocks/large_aluminum_wall.tres
Loading resource: res://data/game/tarkon/blocks/large_battery.tres
Loading resource: res://textures/blocks/assist/LandingPad.png
Loading resource: res://data/game/tarkon/blocks/large_brass_wall.tres
Loading resource: res://data/game/tarkon/blocks/large_constructor.tres
Loading resource: res://.godot/imported/LandingPad.png-5c51095f97d4deeee596bcd467735fa7.ctex
Loading resource: res://data/game/tarkon/blocks/large_container.tres
Loading resource: res://data/game/tarkon/blocks/large_copper_platform.tres
Loading resource: res://textures/blocks/item transportation/SmallContainer.png
Loading resource: res://data/game/tarkon/blocks/large_copper_wall.tres
Loading resource: res://.godot/imported/SmallContainer.png-9ccb527ba09a6fdb3dba7125becebbbf.ctex
Loading resource: res://data/game/tarkon/blocks/large_lane_shifter.tres
Loading resource: res://textures/blocks/walls/LargeCopperWall.png
Loading resource: res://.godot/imported/LargeCopperWall.png-d8a2cdba238040633dd4505ab10434cf.ctex
Loading resource: res://data/game/tarkon/blocks/large_silver_wall.tres
Loading resource: res://data/game/tarkon/blocks/large_solar_panel.tres
Loading resource: res://data/game/tarkon/blocks/large_deconstructor.tres
Loading resource: res://data/game/tarkon/blocks/lane_shifter.tres
Loading resource: res://data/game/tarkon/blocks/large_steel_wall.tres
Loading resource: res://data/game/tarkon/blocks/launchpad.tres
Loading resource: res://data/game/tarkon/blocks/lift_engine.tres
Loading resource: res://textures/blocks/walls/LargeSteelWall.png
Loading resource: res://data/game/tarkon/blocks/logistical_dispatcher.tres
Loading resource: res://.godot/imported/LargeSteelWall.png-90548d486aa2cbc893662e613a9e5e49.ctex
Loading resource: res://textures/blocks/assist/LaunchPad.png
Loading resource: res://data/game/tarkon/blocks/large_build_tower.tres
Loading resource: res://.godot/imported/LaunchPad.png-b11e3e363724f0574e756e7084fce7ca.ctex
Loading resource: res://data/game/tarkon/blocks/mechanical_drill.tres
Loading resource: res://data/game/tarkon/blocks/logistical_requestor.tres
Loading resource: res://data/game/tarkon/blocks/mending_dome.tres
Loading resource: res://data/game/tarkon/blocks/mender.tres
Loading resource: res://data/game/tarkon/blocks/mending_field.tres
Loading resource: res://textures/blocks/resource extractors/MechanicalDrill/MechanicalDrillComplete.png
Loading resource: res://data/game/tarkon/blocks/mineral_extractor.tres
Loading resource: res://.godot/imported/MechanicalDrillComplete.png-6c2bc265477f566c614b06dc268ccefa.ctex
Loading resource: res://textures/blocks/assist/MendingField.png
Loading resource: res://data/game/tarkon/blocks/missile_launcher.tres
Loading resource: res://.godot/imported/MendingField.png-1fefac65359867325c44082c59ecccfe.ctex
Loading resource: res://textures/blocks/resource extractors/MineralExtractor.png
Loading resource: res://.godot/imported/MineralExtractor.png-65ed4ccd478704dfb42ab461b3de23b1.ctex
Loading resource: res://data/game/tarkon/blocks/missile_rack.tres
Loading resource: res://textures/blocks/assist/Mender.png
Loading resource: res://data/game/tarkon/blocks/naval_fabricator.tres
Loading resource: res://.godot/imported/Mender.png-c745fcb4507942ef2190c40ab0a5e914.ctex
Loading resource: res://data/game/tarkon/blocks/octo_barrel.tres
Loading resource: res://textures/blocks/resource extractors/MechanicalDrill/MechanicalDrill.png
Loading resource: res://data/game/tarkon/blocks/nuclear_reactor.tres
Loading resource: res://.godot/imported/MechanicalDrill.png-c08988fb8fa89ade3a35678e06cac0da.ctex
Loading resource: res://data/game/tarkon/blocks/overdrive_dome.tres
Loading resource: res://textures/blocks/units/NavalFabricator/NavalFabricatorBase.png
Loading resource: res://.godot/imported/NavalFabricatorBase.png-b4f5969ac724c3c14a7463ff72c98230.ctex
Loading resource: res://data/game/tarkon/blocks/overdrive_field.tres
Loading resource: res://textures/blocks/assist/OverdriverField.png
Loading resource: res://.godot/imported/OverdriverField.png-77dec902fd01d8df13b6b4f85d9b8df9.ctex
Loading resource: res://textures/blocks/units/NavalFabricator/NavalFabricatorComplete.png
Loading resource: res://.godot/imported/NavalFabricatorComplete.png-b34eeb9560f7b0db3e20e526b8c1f48a.ctex
Loading resource: res://data/game/tarkon/blocks/overdriver.tres
Loading resource: res://data/game/tarkon/blocks/overflow_belt.tres
Loading resource: res://data/game/tarkon/blocks/overflow_duct.tres
Loading resource: res://data/game/tarkon/blocks/paved_floor.tres
Loading resource: res://data/game/tarkon/blocks/payload_conveyor.tres
Loading resource: res://textures/blocks/assist/Overdriver.png
Loading resource: res://textures/blocks/item transportation/OverflowDuct.png
Loading resource: res://data/game/tarkon/blocks/payload_crane.tres
Loading resource: res://.godot/imported/Overdriver.png-d1148674d9ad025a58eab14473633251.ctex
Loading resource: res://.godot/imported/OverflowDuct.png-2ca926945288713f05713e174182da9d.ctex
Loading resource: res://data/game/tarkon/blocks/payload_loader.tres
Loading resource: res://textures/blocks/item transportation/OverflowBelt.png
Loading resource: res://data/game/tarkon/blocks/payload_mass_driver.tres
Loading resource: res://.godot/imported/OverflowBelt.png-3f44977e518a1b09bee210a1d8cc6426.ctex
Loading resource: res://textures/blocks/units/PayloadConveyor/PayloadConveyor.png
Loading resource: res://data/game/tarkon/blocks/payload_refit_bay.tres
Loading resource: res://data/game/tarkon/blocks/payload_router.tres
Loading resource: res://textures/blocks/units/PayloadCrane/PayloadCraneBase.png
Loading resource: res://textures/blocks/units/PayloadLoader/PayloadLoaderBase.png
Loading resource: res://textures/blocks/units/PayloadMassDriver/PayloadMassDriverBase.png
Loading resource: res://.godot/imported/PayloadConveyor.png-cb0126e76633093f6258677dc2380e91.ctex
Loading resource: res://.godot/imported/PayloadLoaderBase.png-4ff28d0e59102619638287fb95696dff.ctex
Loading resource: res://.godot/imported/PayloadCraneBase.png-aac21577140d486e57c1761f42463430.ctex
Loading resource: res://data/game/tarkon/blocks/payload_source.tres
Loading resource: res://.godot/imported/PayloadMassDriverBase.png-6d30927a182e76b47cb2062058681fd7.ctex
Loading resource: res://data/game/tarkon/blocks/payload_unloader.tres
Loading resource: res://data/game/tarkon/blocks/petroleum_drill.tres
Loading resource: res://data/game/tarkon/blocks/petroleum_refinery.tres
Loading resource: res://textures/blocks/units/PayloadMassDriver/PayloadMassDriverHead.png
Loading resource: res://textures/blocks/units/PayloadLoader/PayloadLoaderComplete.png
Loading resource: res://textures/blocks/units/PayloadUnloader/PayloadUnloaderBase.png
Loading resource: res://data/game/tarkon/blocks/pipe_bridge.tres
Loading resource: res://.godot/imported/PayloadMassDriverHead.png-96285a326d253fe4991ae7dd46481551.ctex
Loading resource: res://data/game/tarkon/blocks/pipe_junction.tres
Loading resource: res://.godot/imported/PayloadUnloaderBase.png-791b1fa361a81a75417052a75e2818aa.ctex
Loading resource: res://.godot/imported/PayloadLoaderComplete.png-6d10412d781af67b9761e810c7e6d89f.ctex
Loading resource: res://textures/blocks/fluid transportation/PipeJunction.png
Loading resource: res://data/game/tarkon/blocks/pipe_router.tres
Loading resource: res://.godot/imported/PipeJunction.png-0d7518b5e1d5a8fe2e35187f33222622.ctex
Loading resource: res://data/game/tarkon/blocks/plasma_bore.tres
Loading resource: res://data/game/tarkon/blocks/power_distributor.tres
Loading resource: res://textures/blocks/fluid transportation/PipeRouter.png
Loading resource: res://.godot/imported/PipeRouter.png-b98cef2780a745295c5e060d703bcbf2.ctex
Loading resource: res://textures/blocks/fluid transportation/PipeBridge.png
Loading resource: res://data/game/tarkon/blocks/power_source.tres
Loading resource: res://data/game/tarkon/blocks/protium.tres
Loading resource: res://.godot/imported/PipeBridge.png-57bf026bbf9795908979d447d3c42209.ctex
Loading resource: res://data/game/tarkon/blocks/quad_barrel.tres
Loading resource: res://data/game/tarkon/blocks/resistant_plating.tres
Loading resource: res://textures/blocks/resource extractors/PlasmaBore.png
Loading resource: res://data/game/tarkon/blocks/resource_source.tres
Loading resource: res://.godot/imported/PlasmaBore.png-687a3860aec47c90d089ab6e9cdcda99.ctex
Loading resource: res://textures/blocks/turrets/Protium/ProtiumMissile.png
Loading resource: res://.godot/imported/ProtiumMissile.png-c50117556f27dcf8ca37f3bd2a7eca84.ctex
Loading resource: res://data/game/tarkon/blocks/rod_shapper.tres
Loading resource: res://data/game/tarkon/blocks/salt_sieve.tres
Loading resource: res://data/game/tarkon/blocks/satellite_launchpad.tres
Loading resource: res://data/game/tarkon/blocks/shield_regulator.tres
Loading resource: res://data/game/tarkon/blocks/siege_brace.tres
Loading resource: res://data/game/tarkon/blocks/shield_emmiter.tres
Loading resource: res://data/game/tarkon/blocks/shield_projector.tres
Loading resource: res://data/game/tarkon/blocks/silicon_mixer.tres
Loading resource: res://textures/blocks/units/FabricatorTopBottom.png
Loading resource: res://textures/blocks/units/PayloadUnloader/PayloadUnloaderComplete.png
Loading resource: res://data/game/tarkon/blocks/silver_wall.tres
Loading resource: res://data/game/tarkon/blocks/single_barrel.tres
Loading resource: res://textures/blocks/factories/Silicon Refinery/SiliconRefineryComplete.png
Loading resource: res://data/game/tarkon/blocks/slag_caster.tres
Loading resource: res://.godot/imported/SiliconRefineryComplete.png-f44adb09ad25b8dd5fc7d128978a044b.ctex
Loading resource: res://.godot/imported/PayloadUnloaderComplete.png-95a82b1f893d8137fb6f2c4d62b22e29.ctex
Loading resource: res://.godot/imported/FabricatorTopBottom.png-43b82542e236fec5af3dae622564d08d.ctex
Loading resource: res://data/game/tarkon/blocks/small_battery.tres
Loading resource: res://data/game/tarkon/blocks/small_container.tres
Loading resource: res://data/game/tarkon/blocks/solar_array.tres
Loading resource: res://textures/blocks/power/SmallBattery.png
Loading resource: res://.godot/imported/SmallBattery.png-83adcee7efca8d7097f305f155b91f57.ctex
Loading resource: res://data/game/tarkon/blocks/solar_panel.tres
Loading resource: res://data/game/tarkon/blocks/spritz.tres
Loading resource: res://data/game/tarkon/blocks/stabilizer_gyro.tres
Loading resource: res://data/game/tarkon/blocks/steel_furnace.tres
Loading resource: res://data/game/tarkon/blocks/steel_wall.tres
Loading resource: res://data/game/tarkon/blocks/support_hover_fabricator.tres
Loading resource: res://data/game/tarkon/blocks/tank_fabricator.tres
Loading resource: res://textures/blocks/walls/SteelWall.png
Loading resource: res://textures/blocks/power/SolarPanel.png
Loading resource: res://.godot/imported/SteelWall.png-44dd4bb4fa94b4ae34314dbd1ea221c0.ctex
Loading resource: res://data/game/tarkon/blocks/targeting_module.tres
Loading resource: res://textures/blocks/units/TankFabricator/TankFabricatorComplete.png
Loading resource: res://.godot/imported/SolarPanel.png-0b0711ccc6e88782899e44f338740b08.ctex
Loading resource: res://.godot/imported/TankFabricatorComplete.png-b25920b54f4043fffa7595bb054d457c.ctex
Loading resource: res://data/game/tarkon/blocks/thruster.tres
Loading resource: res://data/game/tarkon/blocks/underflow_belt.tres
Loading resource: res://data/game/tarkon/blocks/underflow_duct.tres
Loading resource: res://textures/blocks/item transportation/UnderflowBelt.png
Loading resource: res://.godot/imported/UnderflowBelt.png-25eaa79fb3ab22a723256619bcca4f8b.ctex
Loading resource: res://textures/blocks/units/SupportHoverFabricator/SupportHoverFabricatorBase.png
Loading resource: res://textures/blocks/item transportation/UnderflowDuct.png
Loading resource: res://data/game/tarkon/blocks/unit_assembler.tres
Loading resource: res://.godot/imported/UnderflowDuct.png-8f15e152363dc42b3d487dc35d5780b7.ctex
Loading resource: res://textures/blocks/factories/SteelFurnace.png
Loading resource: res://.godot/imported/SupportHoverFabricatorBase.png-ba5cddf7e66dd5266ee1d7230d814b64.ctex
Loading resource: res://.godot/imported/SteelFurnace.png-a80facddc7d04ea57381d7ca591bcdfd.ctex
Loading resource: res://data/game/tarkon/blocks/unit_reassembler.tres
Loading resource: res://data/game/tarkon/blocks/unit_reconstructor.tres
Loading resource: res://data/game/tarkon/blocks/unit_refabricator.tres
Loading resource: res://data/game/tarkon/blocks/unit_upgrader.tres
Loading resource: res://textures/blocks/units/Unit Refabricator/UnitRefabricatorBase.png
Loading resource: res://textures/blocks/units/Unit Upgrader/UnitUpgraderStraight.png
Loading resource: res://.godot/imported/UnitRefabricatorBase.png-06e66b89b84af58860d56e0ac1d60b56.ctex
Loading resource: res://.godot/imported/UnitUpgraderStraight.png-2ce91e9f0ae39b80a63366660589f0c8.ctex
Loading resource: res://textures/blocks/units/Unit Reconstructor/UnitReconstructorStraight.png
Loading resource: res://data/game/tarkon/blocks/unloader.tres
Loading resource: res://data/game/tarkon/blocks/uranium_refinery.tres
Loading resource: res://.godot/imported/UnitReconstructorStraight.png-fb6a6d7cc5f6066169b13f0d04763540.ctex
Loading resource: res://textures/blocks/item transportation/Unloader.png
Loading resource: res://.godot/imported/Unloader.png-90bd792f03e9a2ab98f8a3f75e8584bf.ctex
Loading resource: res://data/game/tarkon/blocks/vent_condenser.tres
Loading resource: res://textures/blocks/units/SupportHoverFabricator/SupportHoverFabricatorComplete.png
Loading resource: res://.godot/imported/SupportHoverFabricatorComplete.png-7bb140d0c4c4e7075fb6452a38cd649a.ctex
Loading resource: res://data/game/tarkon/blocks/vent_turbine.tres
Loading resource: res://textures/blocks/units/Unit Upgrader/UnitUpgraderLeft.png
Loading resource: res://data/game/tarkon/blocks/wall_crusher.tres
Loading resource: res://.godot/imported/UnitUpgraderLeft.png-37c1a4f841bd231953a5809755dcc9d0.ctex
Loading resource: res://textures/blocks/power/VentTurbine.png
Loading resource: res://textures/blocks/units/TankFabricator/TankFabricatorBase.png
Loading resource: res://data/game/tarkon/blocks/wall_grinder.tres
Loading resource: res://textures/blocks/units/Unit Reconstructor/UnitReconstructorLeft.png
Loading resource: res://.godot/imported/VentTurbine.png-94f33d0836d3f2124231f76c1a6eb26d.ctex
Loading resource: res://textures/blocks/units/Unit Refabricator/UnitRefabricatorLeft.png
Loading resource: res://.godot/imported/UnitReconstructorLeft.png-a6681586ee1e3153b6e537ae1c7e1f24.ctex
Loading resource: res://.godot/imported/UnitRefabricatorLeft.png-ea920564f4e107484d7980d1e2e50fc7.ctex
Loading resource: res://textures/blocks/resource extractors/WallGrinder/WallGrinderComplete.png
Loading resource: res://.godot/imported/WallGrinderComplete.png-c24ba253643b6d3d8f7ad48f5d8ec863.ctex
Loading resource: res://.godot/imported/TankFabricatorBase.png-b3f9bd5a036c048aa8322712e4b74bfd.ctex
Loading resource: res://textures/blocks/units/Unit Upgrader/UnitUpgraderRight.png
Loading resource: res://textures/blocks/resource extractors/WallCrusher/WallCrusherComplete.png
Loading resource: res://.godot/imported/UnitUpgraderRight.png-0a87835d2bf1505ec080eeab8ef798e6.ctex
Loading resource: res://textures/blocks/units/FabricatorTopLeft.png
Loading resource: res://.godot/imported/WallCrusherComplete.png-e8b234e989e7a25749e0665e37702129.ctex
Loading resource: res://.godot/imported/FabricatorTopLeft.png-fe050088d85aa03a847715e033fb84a6.ctex
Loading resource: res://data/game/tarkon/blocks/watchtower.tres
Loading resource: res://textures/blocks/resource extractors/WallGrinder/WallGrinder.png
Loading resource: res://data/game/tarkon/blocks/water_centrifuge.tres
Loading resource: res://data/game/tarkon/blocks/water_extractor.tres
Loading resource: res://.godot/imported/WallGrinder.png-d72771fe8883b9f14c7e4578423968cf.ctex
Loading resource: res://textures/blocks/units/FabricatorTopRight.png
Loading resource: res://.godot/imported/FabricatorTopRight.png-a9d736bf24035549f673d1b030d91153.ctex
Loading resource: res://textures/blocks/units/Unit Reconstructor/UnitReconstructorRight.png
Loading resource: res://textures/blocks/units/Unit Refabricator/UnitRefabricatorBaseLeft.png
Loading resource: res://.godot/imported/UnitReconstructorRight.png-67172ddae3f7d953316bd5feae35661a.ctex
Loading resource: res://.godot/imported/UnitRefabricatorBaseLeft.png-f2bb1dd1c4073fe3ad0800720e8700f3.ctex
Loading resource: res://textures/blocks/factories/Water Centrifuge/WaterCentrifugeComplete.png
Loading resource: res://data/game/tarkon/blocks/wave.tres
Loading resource: res://textures/blocks/units/Unit Refabricator/UnitRefabricatorComplete.png
Loading resource: res://data/game/tarkon/units/breach.tres
Loading resource: res://.godot/imported/UnitRefabricatorComplete.png-4a423a29c1c171a2b6dc1e7081b7641f.ctex
Loading resource: res://data/game/tarkon/units/deluge.tres
Loading resource: res://data/game/tarkon/units/ascend.tres
Loading resource: res://data/game/tarkon/units/drift.tres
Loading resource: res://data/game/tarkon/units/engulf.tres
Loading resource: res://.godot/imported/WaterCentrifugeComplete.png-f1da2c5145ae5fa513f2dbf015f93a46.ctex
Loading resource: res://data/game/tarkon/units/glide.tres
Loading resource: res://textures/blocks/units/Unit Reconstructor/UnitReconstructorComplete.png
Loading resource: res://textures/blocks/units/Unit Upgrader/UnitUpgraderComplete.png
Loading resource: res://data/game/tarkon/units/hover_transport.tres
Loading resource: res://data/game/tarkon/units/hoverboard.tres
Loading resource: res://.godot/imported/UnitReconstructorComplete.png-2869c6b82e92dbc2fba9d5b5e7bd287f.ctex
Loading resource: res://.godot/imported/UnitUpgraderComplete.png-8cfce85f4935e5c9844cd0561052c6a4.ctex
Loading resource: res://data/game/tarkon/units/hovercraft.tres
Loading resource: res://textures/units/hoverboard/HoverboardComplete.png
Loading resource: res://.godot/imported/HoverboardComplete.png-a6d2d9abb7f0464ea9779ba348450996.ctex
Loading resource: res://data/game/tarkon/units/hoverlift.tres
Loading resource: res://data/game/tarkon/units/hovership.tres
Loading resource: res://data/game/tarkon/units/intercept.tres
Loading resource: res://data/game/tarkon/units/mend.tres
Loading resource: res://textures/units/hoverboard/HoverboardBase.png
Loading resource: res://.godot/imported/HoverboardBase.png-e4555a81873f762a9145928b404813ce.ctex
Loading resource: res://data/game/tarkon/units/moniter.tres
Loading resource: res://data/game/tarkon/units/overrun.tres
Loading resource: res://textures/blocks/resource extractors/WallCrusher/WallCrusher.png
Loading resource: res://.godot/imported/WallCrusher.png-5985cec3f4d0f5e9622ae5c0d61ca690.ctex
Loading resource: res://data/game/tarkon/units/pierce.tres
Loading resource: res://textures/units/hoverboard/HoverboardHead.png
Loading resource: res://data/game/tarkon/units/plunge.tres
Loading resource: res://.godot/imported/HoverboardHead.png-ec78ab1a5cbaa9f28adaa3a2ecf11c9c.ctex
Loading resource: res://data/game/tarkon/units/press.tres
Loading resource: res://data/game/tarkon/units/protect.tres
Loading resource: res://data/game/tarkon/units/raze.tres
Loading resource: res://data/game/tarkon/units/rebuild.tres
Loading resource: res://textures/units/ant/AntBase.png
Loading resource: res://data/game/tarkon/units/scout.tres
Loading resource: res://.godot/imported/AntBase.png-70030379f7b284eabdfe47cf6733d87a.ctex
Loading resource: res://data/game/tarkon/units/shardling.tres
Loading resource: res://data/game/tarkon/units/skim.tres
Loading resource: res://textures/blocks/factories/Water Centrifuge/WaterCentrifugeTop.png
Loading resource: res://textures/units/ant/AntHead.png
Loading resource: res://.godot/imported/WaterCentrifugeTop.png-bd4d43c198c2a889b14438e6710c2e05.ctex
Loading resource: res://.godot/imported/AntHead.png-9858410c9ae78787c22f13494fb51f6a.ctex
Loading resource: res://data/game/tarkon/units/subdue.tres
Loading resource: res://textures/units/ant/AntComplete.png
Loading resource: res://.godot/imported/AntComplete.png-ca6a5014bd36fcce91266229c0c1fdcb.ctex
Loading resource: res://data/game/tarkon/units/soar.tres
Loading resource: res://data/game/tarkon/units/support.tres
Loading resource: res://textures/units/shardling/ShardlingComplete.png
Loading resource: res://data/game/tarkon/units/survey.tres
Loading resource: res://.godot/imported/ShardlingComplete.png-5366f9b6ee00d2cb2df5e66b62cf85e8.ctex
Loading resource: res://data/game/tarkon/units/sustain.tres
Loading resource: res://textures/blocks/factories/Water Centrifuge/WaterCentrifugeBase.png
Loading resource: res://.godot/imported/WaterCentrifugeBase.png-4ff593dfd4e18f57adc17cbf9e6168ea.ctex
Loading resource: res://data/game/tarkon/units/trace.tres
Loading resource: res://data/game/tarkon/fluids/mat_acid.tres
Loading resource: res://data/game/tarkon/fluids/mat_butane.tres
Loading resource: res://data/game/tarkon/fluids/mat_brine_coolant.tres
Loading resource: res://data/game/tarkon/units/wade.tres
Loading resource: res://data/game/tarkon/fluids/mat_clean_fuel.tres
Loading resource: res://textures/resources/acid.png
Loading resource: res://textures/resources/gases.png
Loading resource: res://data/game/tarkon/fluids/mat_ethane.tres
Loading resource: res://data/game/tarkon/fluids/mat_acetylene.tres
Loading resource: res://.godot/imported/gases.png-195b968301a1e107254ecf6fa3805416.ctex
Loading resource: res://textures/units/wade/wadeBase.png
Loading resource: res://.godot/imported/wadeBase.png-045ed152256660c2f4174e7c4c112221.ctex
Loading resource: res://textures/resources/gases.png
Loading resource: res://.godot/imported/acid.png-8cc7d4c3abe9c2be46a94991d21ad404.ctex
Loading resource: res://.godot/imported/gases.png-195b968301a1e107254ecf6fa3805416.ctex
Loading resource: res://data/game/tarkon/fluids/mat_heavy_fuel.tres
Loading resource: res://data/game/tarkon/fluids/mat_light_fuel.tres
Loading resource: res://data/game/tarkon/fluids/mat_methane.tres
Loading resource: res://data/game/tarkon/fluids/mat_nitrogen.tres
Loading resource: res://data/game/tarkon/fluids/mat_oxygen.tres
Loading resource: res://data/game/tarkon/fluids/mat_petroleum.tres
Loading resource: res://data/game/tarkon/fluids/mat_propane.tres
Loading resource: res://data/game/tarkon/fluids/mat_hydrogen.tres
Loading resource: res://data/game/tarkon/fluids/mat_salt_water.tres
Loading resource: res://data/game/tarkon/fluids/mat_slag.tres
Loading resource: res://data/game/tarkon/fluids/mat_sulfur_fumes.tres
Loading resource: res://textures/resources/oxygen.png
Loading resource: res://data/game/tarkon/fluids/mat_sulfur_water.tres
Loading resource: res://.godot/imported/oxygen.png-68a09c6a8f6f8fa6164284aa8fe10e85.ctex
Loading resource: res://textures/resources/sulfurWater.png
Loading resource: res://textures/resources/petroleum.png
Loading resource: res://data/game/tarkon/fluids/mat_super_coolant.tres
Loading resource: res://.godot/imported/sulfurWater.png-a913456c102fd4f3005cd908ab37d881.ctex
Loading resource: res://.godot/imported/petroleum.png-37d67603083c1d3c0ec26a8af364c4d0.ctex
Loading resource: res://textures/resources/hydrogen.png
Loading resource: res://.godot/imported/hydrogen.png-1da0a2a4d3822e0f003d0e0d710e8133.ctex
Loading resource: res://data/game/tarkon/tiles/bauxite_wall.tres
Loading resource: res://data/game/tarkon/fluids/mat_water.tres
Loading resource: res://textures/resources/slag.png
Loading resource: res://textures/resources/water.png
Loading resource: res://textures/resources/saltWater.png
Loading resource: res://textures/terrain/BauxiteWall.png
Loading resource: res://.godot/imported/slag.png-cc17e9aba158672e79e9917f1c2ee8d6.ctex
Loading resource: res://data/game/tarkon/tiles/black_sand.tres
Loading resource: res://.godot/imported/BauxiteWall.png-cf861d58585e6ca9108eb2ffb5e3ce88.ctex
Loading resource: res://.godot/imported/saltWater.png-e9bdb89c2f860e168c613d565618f0c3.ctex
Loading resource: res://data/game/tarkon/tiles/blackstone_floor.tres
Loading resource: res://textures/terrain/BlackSand.png
Loading resource: res://.godot/imported/water.png-eaa1603990baa51b1cbb087103756acf.ctex
Loading resource: res://textures/terrain/BlackstoneFloor.png
Loading resource: res://.godot/imported/BlackstoneFloor.png-d7d5f14aa116fea3a96149ce82f53351.ctex
Loading resource: res://.godot/imported/BlackSand.png-1c993185e3cd45fd2529ce2a98c47071.ctex
Loading resource: res://data/game/tarkon/tiles/blackstone_wall.tres
Loading resource: res://textures/terrain/BlackstoneWall.png
Loading resource: res://.godot/imported/BlackstoneWall.png-36483bc14b541ed23d46c2289fc69d04.ctex
Loading resource: res://data/game/tarkon/tiles/coal_ore.tres
Loading resource: res://data/game/tarkon/tiles/copper_floor_ore.tres
Loading resource: res://textures/terrain/Coal.png
Loading resource: res://data/game/tarkon/tiles/copper_metal.tres
Loading resource: res://.godot/imported/Coal.png-8854b5833ffeeaa9364ff29f315b2c21.ctex
Loading resource: res://textures/terrain/CopperOre.png
Loading resource: res://textures/terrain/CopperMetal.png
Loading resource: res://data/game/tarkon/tiles/copper_ore.tres
Loading resource: res://data/game/tarkon/tiles/core_zone.tres
Loading resource: res://data/game/tarkon/tiles/geyser.tres
Loading resource: res://textures/terrain/CoreZone.png
Loading resource: res://data/game/tarkon/tiles/graphite_floor_ore.tres
Loading resource: res://data/game/tarkon/tiles/graphite_ore.tres
Loading resource: res://textures/terrain/Geyser.png
Loading resource: res://.godot/imported/CoreZone.png-29ad43719550c0935dd0c30e6cca31bd.ctex
Loading resource: res://.godot/imported/CopperOre.png-0d7a0e56b304df0a14a66f62f5943f3f.ctex
Loading resource: res://.godot/imported/Geyser.png-80f9386df0d225714c86b6c312b4fafc.ctex
Loading resource: res://textures/terrain/GraphiteOre.png
Loading resource: res://textures/terrain/CopperOre.png
Loading resource: res://data/game/tarkon/tiles/grassy_floor.tres
Loading resource: res://data/game/tarkon/tiles/grassy_wall.tres
Loading resource: res://.godot/imported/CopperOre.png-0d7a0e56b304df0a14a66f62f5943f3f.ctex
Loading resource: res://.godot/imported/CopperMetal.png-e3414bded6cd572c27cf00f7fa112dd5.ctex
Loading resource: res://.godot/imported/GraphiteOre.png-54bf978eeda0abe373d092785d909af8.ctex
Loading resource: res://data/game/tarkon/tiles/ice.tres
Loading resource: res://textures/terrain/GrassyFloor.png
Loading resource: res://.godot/imported/GrassyFloor.png-1e73936d6c9dc44e8143c118a2468e26.ctex
Loading resource: res://textures/terrain/Ice.png
Loading resource: res://data/game/tarkon/tiles/metal.tres
Loading resource: res://data/game/tarkon/tiles/purple_floor.tres
Loading resource: res://.godot/imported/Ice.png-eb1b04df049d4c73ba45cc3d6f12fad5.ctex
Loading resource: res://textures/terrain/Metal.png
Loading resource: res://textures/terrain/PurpleFloor.png
Loading resource: res://.godot/imported/Metal.png-9f9e22a7a92392d2768caf39aa97ba69.ctex
Loading resource: res://data/game/tarkon/tiles/purple_wall.tres
Loading resource: res://.godot/imported/PurpleFloor.png-9ba683411e9cfaff306e94bc2c678f2a.ctex
Loading resource: res://textures/terrain/PurpleWall.png
Loading resource: res://data/game/tarkon/tiles/salt_floor.tres
Loading resource: res://.godot/imported/PurpleWall.png-df22e6528f063b3536c417ccf9ccd738.ctex
Loading resource: res://data/game/tarkon/tiles/salt_wall.tres
Loading resource: res://textures/terrain/SaltFloor.png
Loading resource: res://data/game/tarkon/tiles/salt_water.tres
Loading resource: res://.godot/imported/SaltFloor.png-d16a41595cff7e7a56e50a15923a6d53.ctex
Loading resource: res://textures/terrain/SaltWater.png
Loading resource: res://.godot/imported/SaltWater.png-339643f4cbd4455e767fd55a018cca0b.ctex
Loading resource: res://textures/terrain/SaltWall.png
Loading resource: res://textures/terrain/GrassyWall.png
Loading resource: res://.godot/imported/GrassyWall.png-e11947f9bb5124ee89c4d8a5e6f3d458.ctex
Loading resource: res://data/game/tarkon/tiles/sand.tres
Loading resource: res://.godot/imported/SaltWall.png-c2da4431a5cb2026d7dbfb684536a2b8.ctex
Loading resource: res://textures/terrain/Sand.png
Loading resource: res://data/game/tarkon/tiles/sand_wall.tres
Loading resource: res://data/game/tarkon/tiles/shrub.tres
Loading resource: res://data/game/tarkon/tiles/slag.tres
Loading resource: res://.godot/imported/Sand.png-b789670709d8151f2bedc4badacee4c8.ctex
Loading resource: res://textures/terrain/Shrub.png
Loading resource: res://data/game/tarkon/tiles/sulfur.tres
Loading resource: res://.godot/imported/Shrub.png-f829885760fb2a53b9828534445b72d7.ctex
Loading resource: res://textures/terrain/Slag.png
Loading resource: res://data/game/tarkon/tiles/sulfur_ore.tres
Loading resource: res://data/game/tarkon/tiles/sulfur_vent.tres
Loading resource: res://textures/terrain/SandWall.png
Loading resource: res://textures/terrain/SulfurOre.png
Loading resource: res://textures/terrain/SulfurVent.png
Loading resource: res://.godot/imported/Slag.png-8aa4d7da2cb25ff50511f4fcad73dae1.ctex
Loading resource: res://.godot/imported/SulfurVent.png-5dc987fdf73d2b3cc5008ee8a3c7e93b.ctex
Loading resource: res://.godot/imported/SandWall.png-c36be153b51fce0594e0fd56263e13f2.ctex
Loading resource: res://textures/terrain/SulfurFloor.png
Loading resource: res://.godot/imported/SulfurOre.png-976fab150c6a1c111c23cff33e0f04a5.ctex
Loading resource: res://.godot/imported/SulfurFloor.png-fdfdd87ef69a880904c8b495e1a52f71.ctex
Loading resource: res://data/game/tarkon/tiles/sulfur_wall.tres
Loading resource: res://data/game/tarkon/tiles/sulfur_water.tres
Loading resource: res://data/game/tarkon/tiles/vent.tres
Loading resource: res://textures/terrain/SulfurWall.png
Loading resource: res://data/game/tarkon/tiles/water.tres
Loading resource: res://.godot/imported/SulfurWall.png-96065f2e43e616cae0a463f554cc465e.ctex
Loading resource: res://textures/terrain/Vent.png
Loading resource: res://.godot/imported/Vent.png-4dcc30657c94c89ccf78524d243c93c2.ctex
Loading resource: res://data/game/tarkon/tiles/zinc_ore.tres
Loading resource: res://textures/terrain/SulfurWater.png
Loading resource: res://textures/terrain/Water.png
Loading resource: res://data/game/tarkon/status_effects/burning.tres
Loading resource: res://.godot/imported/Water.png-42d32ee03ba2c59e29e89bfabe6c3ac3.ctex
Loading resource: res://textures/status effects/Burnning.png
Loading resource: res://.godot/imported/SulfurWater.png-ac223a857597470bdfbc222e066e45f1.ctex
Loading resource: res://textures/terrain/Zinc.png
Loading resource: res://.godot/imported/Burnning.png-1befc9d0311453ae7e073e296686b6e2.ctex
Loading resource: res://data/game/tarkon/status_effects/corroding.tres
Loading resource: res://.godot/imported/Zinc.png-6ba2178da03ecf82b2b7820e92303edb.ctex
Loading resource: res://data/game/tarkon/status_effects/crystallized.tres
Loading resource: res://data/game/tarkon/status_effects/disarmed.tres
Loading resource: res://data/game/tarkon/status_effects/electric_burn.tres
Loading resource: res://data/game/tarkon/status_effects/embrittled.tres
Loading resource: res://data/game/tarkon/status_effects/emp_1.tres
Loading resource: res://textures/status effects/ElectricBurn.png
Loading resource: res://textures/status effects/EMP1.png
Loading resource: res://data/game/tarkon/status_effects/emp_2.tres
Loading resource: res://data/game/tarkon/status_effects/emp_3.tres
Loading resource: res://.godot/imported/EMP1.png-8a3c932f8db8376bc449e88732c3637a.ctex
Loading resource: res://data/game/tarkon/status_effects/freezing.tres
Loading resource: res://textures/status effects/Disarmed.png
Loading resource: res://data/game/tarkon/status_effects/hydrogen_slowed.tres
Loading resource: res://.godot/imported/ElectricBurn.png-144b3b7abd312325caa98baf50faf647.ctex
Loading resource: res://.godot/imported/Disarmed.png-16d47fdebaa1425f0ee0b2183bd05c39.ctex
Loading resource: res://textures/status effects/EMP3.png
Loading resource: res://.godot/imported/EMP3.png-f334a4e6f726e031645ca85509513c5c.ctex
Loading resource: res://textures/status effects/Frezzing.png
Loading resource: res://.godot/imported/Frezzing.png-e4be6bbf04fb02e4eb09eeda27b8b344.ctex
Loading resource: res://data/game/tarkon/status_effects/shocked.tres
Loading resource: res://data/game/tarkon/status_effects/slowed.tres
Loading resource: res://textures/status effects/EMP2.png
Loading resource: res://data/game/tarkon/status_effects/tarred.tres
Loading resource: res://data/game/tarkon/status_effects/wet.tres
Loading resource: res://textures/status effects/Shocked.png
Loading resource: res://.godot/imported/EMP2.png-64f9647ff3534a53bf07a4b3843f6db0.ctex
Loading resource: res://.godot/imported/Shocked.png-101e65202c5c923608980879435c18e9.ctex
Loading resource: res://textures/status effects/Slowed.png
Loading resource: res://.godot/imported/Slowed.png-4dc6d10a7f9120020695cd45f202cf52.ctex
Loading resource: res://textures/status effects/Wet.png
Loading resource: res://.godot/imported/Wet.png-dd8ae3b6c99c601ca0c6966d7c5c4679.ctex
Loading resource: res://data/game/tarkon/sectors/aluminum_mountains.tres
Loading resource: res://data/game/tarkon/sectors/aziris_outpost.tres
Loading resource: res://data/game/tarkon/sectors/crash_site.tres
Loading resource: res://data/game/tarkon/sectors/crevice.tres
Loading resource: res://data/game/tarkon/sectors/dark_valley.tres
Loading resource: res://textures/sectors/CrashSite.png
Loading resource: res://data/game/tarkon/sectors/ferrum_ridge.tres
Loading resource: res://textures/sectors/AluminumMountains.png
Loading resource: res://.godot/imported/AluminumMountains.png-300678c635debe02ab78c0b62fbb2e43.ctex
Loading resource: res://.godot/imported/CrashSite.png-1df5075a38f138407148707e63cc7eb5.ctex
Loading resource: res://textures/sectors/FerrumRidge.png
Loading resource: res://.godot/imported/FerrumRidge.png-f77ad1c05f2ff72bab892e0ffbf7ebc7.ctex
Loading resource: res://data/game/tarkon/sectors/huge_lagoon.tres
Loading resource: res://textures/sectors/Crevice.png
Loading resource: res://textures/sectors/DarkValley.png
Loading resource: res://.godot/imported/Crevice.png-44ec8f263bc61ff10a001975dad15914.ctex
Loading resource: res://data/game/tarkon/sectors/naval_fortress.tres
Loading resource: res://data/game/tarkon/sectors/nightfall_depths.tres
Loading resource: res://textures/sectors/NavalFortress.png
Loading resource: res://data/game/tarkon/sectors/ruins.tres
Loading resource: res://.godot/imported/NavalFortress.png-a46d1ed1bcba2c374421df830e4e0663.ctex
Loading resource: res://textures/sectors/NightfallDepths.png
Loading resource: res://.godot/imported/NightfallDepths.png-a6379d257c9e5bc2122d3aa15e67a505.ctex
Loading resource: res://textures/sectors/Ruins.png
Loading resource: res://.godot/imported/Ruins.png-39cb905c5999381367dc853233277e0c.ctex
Loading resource: res://data/game/tarkon/sectors/salt_flats.tres
Loading resource: res://data/game/tarkon/sectors/snowy_plains.tres
Loading resource: res://textures/sectors/SaltFlats.png
Loading resource: res://.godot/imported/DarkValley.png-f52a6d693d4f20460df135a8f4a18367.ctex
Loading resource: res://.godot/imported/SaltFlats.png-b65c3cb6fe2cd49f95142bb852f9a715.ctex
Loading resource: res://data/game/tarkon/sectors/split_archipelago.tres
Loading resource: res://data/game/tarkon/sectors/split_canyon.tres
Loading resource: res://data/game/tarkon/sectors/split_shoals.tres
Loading resource: res://data/game/tarkon/sectors/starting_grounds.tres
Loading resource: res://textures/sectors/StartingGrounds.png
Loading resource: res://data/game/tarkon/sectors/sulfur_springs.tres
Loading resource: res://.godot/imported/StartingGrounds.png-99e948d68b22a4413132135d233bbc29.ctex
Loading resource: res://textures/sectors/SulfurSprings.png
Loading resource: res://.godot/imported/SulfurSprings.png-85060c07f3e9c97cc2a16787e06019c8.ctex
Loading resource: res://data/game/tarkon/sectors/sunken_pier.tres
Loading resource: res://data/game/tarkon/sectors/the_nexus.tres
Loading resource: res://data/game/tarkon/sectors/twin_crossing.tres
Loading resource: res://textures/sectors/TheNexus.png
Loading resource: res://.godot/imported/TheNexus.png-f7cda582dfd025033d117cd5356544fa.ctex
Loading resource: res://data/game/tarkon/sectors/verdant_grotto.tres
Loading resource: res://data/game/tarkon/sectors/volcanic_wastelands.tres
Loading resource: res://data/game/tarkon/sectors/waterfront_ruins.tres
Loading resource: res://data/game/tarkon/sectors/zinc_deposits.tres
Loading resource: res://data/game/tarkon/sectors/meltdown_site.tres
Loading resource: res://textures/sectors/WaterfrontRuins.png
Loading resource: res://.godot/imported/WaterfrontRuins.png-682d0c40f642b7defb72b29c13aaf6ea.ctex
Loading resource: res://textures/sectors/ZincDeposits.png
Loading resource: res://.godot/imported/ZincDeposits.png-b1cdb2fef4c21155b7f81c5f2d26cc55.ctex
Loading resource: res://data/game/planets/Aziris.tres
Loading resource: res://data/game/planets/Tarkon.tres
Loading resource: res://data/game/planets/Yndora.tres
Loading resource: res://data/game/tarkon/archives/archive_better_turrets.tres
Loading resource: res://data/game/tarkon/archives/archive_brass_turrets.tres
Loading resource: res://data/game/tarkon/archives/archive_freight_systems.tres
Loading resource: res://textures/UI/Yndora_preview.png
Loading resource: res://data/game/tarkon/archives/archive_interplanetary_launch_systems.tres
Loading resource: res://data/game/tarkon/archives/archive_launch_systems.tres
Loading resource: res://.godot/imported/Yndora_preview.png-738197a4303104f1f489fb00286486fc.ctex
Loading resource: res://data/game/tarkon/archives/archive_naval_units.tres
Loading resource: res://data/game/tarkon/archives/archive_payload_systems.tres
Loading resource: res://textures/archives/PayloadSystems.png
Loading resource: res://.godot/imported/PayloadSystems.png-bffbe353c4a466c1874de0a3234bc232.ctex
Registry: Essentials loaded — 24 items, 203 blocks, 31 units, 20 fluids, 33 tiles
Loading resource: res://main/settings_ui.gd
SettingsUI: Loaded settings from user://settings.json
Loading resource: res://textures/UI/MMB.png
Loading resource: res://.godot/imported/MMB.png-54ad3487f335d81c35fc2917b8e997f5.ctex
Loading resource: res://textures/UI/Title.png
Loading resource: res://.godot/imported/Title.png-64e800fd99bf4fe256ff995145d72ec3.ctex
Loading resource: res://textures/UI/Button.png
Loading resource: res://.godot/imported/Button.png-c55ef6f79ac4044d6e13a721200f2cc6.ctex
Loading resource: res://main/PlanetSelect.tscn
Loading resource: res://main/planet_select.gd
MainMenu: PlanetSelect pre-built (hidden)
MainMenu: Sector maps queued for pre-load
Loading resource: res://data/game/tarkon/maps/CR.sector.json
Loading resource: res://data/game/tarkon/maps/AM.sector.json
Loading resource: res://data/game/tarkon/maps/FR.sector.json
Loading resource: res://data/game/tarkon/maps/HL.sector.json
Loading resource: res://data/game/tarkon/maps/NF.sector.json
Loading resource: res://data/game/tarkon/maps/ND.sector.json
MainMenu: PlanetSelect pre-instantiated + parked
Loading resource: res://data/game/tarkon/maps/SF.sector.json
PlanetSelect: 24 sectors on 642-cell geodesic grid for 'Tarkon'
Registry: All loaded — 15 status_effects, 25 sectors, 3 planets
Loading resource: res://data/game/tarkon/maps/SC.sector.json
Loading resource: res://data/game/tarkon/maps/SSH.sector.json
Loading resource: res://data/game/tarkon/maps/SG.sector.json
Loading resource: res://data/game/tarkon/maps/SS.sector.json
Loading resource: res://data/game/tarkon/maps/TC.sector.json
Loading resource: res://data/game/tarkon/maps/WFR.sector.json
Loading resource: res://data/game/tarkon/maps/ZD.sector.json
XR: Clearing primary interface
XR: Removed interface "Native mobile"
XR: Removed interface "OpenXR"
WARNING: ObjectDB instances leaked at exit (run with --verbose for details).
   at: cleanup (core/object/object.cpp:2641)
Leaked instance: RefCounted:9223372147450185427 - Reference count: 0
Leaked instance: RefCounted:9223372293479073637 - Reference count: 0
Leaked instance: RefCounted:9223372293495850863 - Reference count: 0
Leaked instance: RefCounted:9223372293579736960 - Reference count: 0
Leaked instance: RefCounted:9223372293562959745 - Reference count: 0
Leaked instance: RefCounted:9223372293546182531 - Reference count: 0
Leaked instance: RefCounted:9223372293395187593 - Reference count: 0
Leaked instance: RefCounted:9223372293428742042 - Reference count: 0
Leaked instance: RefCounted:9223372293411964827 - Reference count: 0
Leaked instance: RefCounted:9223372293462296476 - Reference count: 0
Leaked instance: RefCounted:9223372293445519261 - Reference count: 0
Leaked instance: RefCounted:9223372293378410398 - Reference count: 0
Leaked instance: RefCounted:9223372293361633187 - Reference count: 0
Leaked instance: RefCounted:9223372293529405647 - Reference count: 0
Leaked instance: RefCounted:9223372293512628672 - Reference count: 0
Hint: Leaked instances typically happen when nodes are removed from the scene tree (with `remove_child()`) but not freed (with `free()` or `queue_free()`).
